<?xml version="1.0" encoding="UTF-8"?>
<testng-results ignored="0" total="1" passed="1" failed="0" skipped="0">
  <reporter-output>
  </reporter-output>
  <suite started-at="2022-03-29T14:50:20 IST" name="Default suite" finished-at="2022-03-29T14:50:28 IST" duration-ms="7984">
    <groups>
    </groups>
    <test started-at="2022-03-29T14:50:20 IST" name="Default test" finished-at="2022-03-29T14:50:28 IST" duration-ms="7984">
      <class name="org.testngPrac.FirstTest">
        <test-method signature="testGoogle()[pri:0, instance:org.testngPrac.FirstTest@3a44431a]" started-at="2022-03-29T14:50:20 IST" name="testGoogle" finished-at="2022-03-29T14:50:28 IST" duration-ms="7943" status="PASS">
          <reporter-output>
          </reporter-output>
        </test-method> <!-- testGoogle -->
      </class> <!-- org.testngPrac.FirstTest -->
    </test> <!-- Default test -->
  </suite> <!-- Default suite -->
</testng-results>
